<?xml version="1.0" encoding="UTF-8"?>
<!-- Generated by org.testng.reporters.JUnitReportReporter -->
<testsuite hostname="DESKTOP-3LBFI84" failures="0" tests="1" name="TestNG.TNG_001" time="0.005" errors="0" timestamp="07 Oct 2022 09:21:00 GMT" skipped="0">
  <testcase classname="TestNG.TNG_001" name="f" time="0.005"/>
</testsuite> <!-- TestNG.TNG_001 -->
