<?xml version="1.0" encoding="UTF-8"?>
<!-- Generated by org.testng.reporters.JUnitReportReporter -->
<testsuite hostname="DESKTOP-3LBFI84" failures="0" tests="3" name="TestNG.TNG_002" time="0.030" errors="0" timestamp="07 Oct 2022 09:21:00 GMT" skipped="0">
  <testcase classname="TestNG.TNG_002" name="p" time="0.008"/>
  <testcase classname="TestNG.TNG_002" name="z" time="0.011"/>
  <testcase classname="TestNG.TNG_002" name="f" time="0.011"/>
</testsuite> <!-- TestNG.TNG_002 -->
