<?xml version="1.0" encoding="UTF-8"?>
<!-- Generated by org.testng.reporters.JUnitReportReporter -->
<testsuite hostname="DESKTOP-3LBFI84" failures="0" tests="3" name="TestNG.TNG_003" time="0.025" errors="0" timestamp="07 Nov 2022 09:21:54 GMT" skipped="0">
  <testcase classname="TestNG.TNG_003" name="z" time="0.011"/>
  <testcase classname="TestNG.TNG_003" name="f" time="0.005"/>
  <testcase classname="TestNG.TNG_003" name="a" time="0.009"/>
</testsuite> <!-- TestNG.TNG_003 -->
